Determining if the pthread_create exist failed with the following output:
Change Dir: /home/karim-enien/CppND/Project_5_Building_A_ROS_NODE_With_Gazebo/build/CMakeFiles/CMakeTmp

Run Build Command:"/usr/bin/make" "cmTC_cd97b/fast"
/usr/bin/make -f CMakeFiles/cmTC_cd97b.dir/build.make CMakeFiles/cmTC_cd97b.dir/build
make[1]: Entering directory '/home/karim-enien/CppND/Project_5_Building_A_ROS_NODE_With_Gazebo/build/CMakeFiles/CMakeTmp'
Building C object CMakeFiles/cmTC_cd97b.dir/CheckSymbolExists.c.o
/usr/bin/cc    -o CMakeFiles/cmTC_cd97b.dir/CheckSymbolExists.c.o   -c /home/karim-enien/CppND/Project_5_Building_A_ROS_NODE_With_Gazebo/build/CMakeFiles/CMakeTmp/CheckSymbolExists.c
Linking C executable cmTC_cd97b
/usr/bin/cmake -E cmake_link_script CMakeFiles/cmTC_cd97b.dir/link.txt --verbose=1
/usr/bin/cc      -rdynamic CMakeFiles/cmTC_cd97b.dir/CheckSymbolExists.c.o  -o cmTC_cd97b 
CMakeFiles/cmTC_cd97b.dir/CheckSymbolExists.c.o: In function `main':
CheckSymbolExists.c:(.text+0x1b): undefined reference to `pthread_create'
collect2: error: ld returned 1 exit status
CMakeFiles/cmTC_cd97b.dir/build.make:97: recipe for target 'cmTC_cd97b' failed
make[1]: *** [cmTC_cd97b] Error 1
make[1]: Leaving directory '/home/karim-enien/CppND/Project_5_Building_A_ROS_NODE_With_Gazebo/build/CMakeFiles/CMakeTmp'
Makefile:126: recipe for target 'cmTC_cd97b/fast' failed
make: *** [cmTC_cd97b/fast] Error 2

File /home/karim-enien/CppND/Project_5_Building_A_ROS_NODE_With_Gazebo/build/CMakeFiles/CMakeTmp/CheckSymbolExists.c:
/* */
#include <pthread.h>

int main(int argc, char** argv)
{
  (void)argv;
#ifndef pthread_create
  return ((int*)(&pthread_create))[argc];
#else
  (void)argc;
  return 0;
#endif
}

Determining if the function pthread_create exists in the pthreads failed with the following output:
Change Dir: /home/karim-enien/CppND/Project_5_Building_A_ROS_NODE_With_Gazebo/build/CMakeFiles/CMakeTmp

Run Build Command:"/usr/bin/make" "cmTC_fdb04/fast"
/usr/bin/make -f CMakeFiles/cmTC_fdb04.dir/build.make CMakeFiles/cmTC_fdb04.dir/build
make[1]: Entering directory '/home/karim-enien/CppND/Project_5_Building_A_ROS_NODE_With_Gazebo/build/CMakeFiles/CMakeTmp'
Building C object CMakeFiles/cmTC_fdb04.dir/CheckFunctionExists.c.o
/usr/bin/cc   -DCHECK_FUNCTION_EXISTS=pthread_create   -o CMakeFiles/cmTC_fdb04.dir/CheckFunctionExists.c.o   -c /usr/share/cmake-3.10/Modules/CheckFunctionExists.c
Linking C executable cmTC_fdb04
/usr/bin/cmake -E cmake_link_script CMakeFiles/cmTC_fdb04.dir/link.txt --verbose=1
/usr/bin/cc  -DCHECK_FUNCTION_EXISTS=pthread_create    -rdynamic CMakeFiles/cmTC_fdb04.dir/CheckFunctionExists.c.o  -o cmTC_fdb04 -lpthreads 
/usr/bin/ld: cannot find -lpthreads
collect2: error: ld returned 1 exit status
CMakeFiles/cmTC_fdb04.dir/build.make:97: recipe for target 'cmTC_fdb04' failed
make[1]: *** [cmTC_fdb04] Error 1
make[1]: Leaving directory '/home/karim-enien/CppND/Project_5_Building_A_ROS_NODE_With_Gazebo/build/CMakeFiles/CMakeTmp'
Makefile:126: recipe for target 'cmTC_fdb04/fast' failed
make: *** [cmTC_fdb04/fast] Error 2


